<?xml version="1.0" encoding="UTF-8" ?>
<testsuite errors="34" failures="2" hostname="Billy" name="proval.ProvaLTest" tests="37" time="0.218" timestamp="2013-03-22T19:18:06">
  <properties>
[...]
</properties>
  <testcase classname="proval.ProvaLTest" name="testOfferFirst" time="0.016">
    <error message="Not supported yet." type="java.lang.UnsupportedOperationException">java.lang.UnsupportedOperationException: Not supported yet.
	at proval.ProvaL.offerFirst(ProvaL.java:64)
	at proval.ProvaLTest.testOfferFirst(ProvaLTest.java:83)
</error>
  </testcase>
  <testcase classname="proval.ProvaLTest" name="testOfferLast" time="0.0">
    <error message="Not supported yet." type="java.lang.UnsupportedOperationException">java.lang.UnsupportedOperationException: Not supported yet.
	at proval.ProvaL.offerLast(ProvaL.java:69)
	at proval.ProvaLTest.testOfferLast(ProvaLTest.java:98)
</error>
  </testcase>
  <testcase classname="proval.ProvaLTest" name="testRemoveFirst" time="0.015">
    <error message="Not supported yet." type="java.lang.UnsupportedOperationException">java.lang.UnsupportedOperationException: Not supported yet.
	at proval.ProvaL.removeFirst(ProvaL.java:74)
	at proval.ProvaLTest.testRemoveFirst(ProvaLTest.java:112)
</error>
  </testcase>
  <testcase classname="proval.ProvaLTest" name="testRemoveLast" time="0.0">
    <error type="java.lang.NullPointerException">java.lang.NullPointerException
	at proval.ProvaL.removeLast(ProvaL.java:79)
	at proval.ProvaLTest.testRemoveLast(ProvaLTest.java:126)
</error>
  </testcase>
  <testcase classname="proval.ProvaLTest" name="testPollFirst" time="0.0">
    <error message="Not supported yet." type="java.lang.UnsupportedOperationException">java.lang.UnsupportedOperationException: Not supported yet.
	at proval.ProvaL.pollFirst(ProvaL.java:86)
	at proval.ProvaLTest.testPollFirst(ProvaLTest.java:140)
</error>
  </testcase>
  <testcase classname="proval.ProvaLTest" name="testPeekFirst" time="0.0">
    <error message="Not supported yet." type="java.lang.UnsupportedOperationException">java.lang.UnsupportedOperationException: Not supported yet.
	at proval.ProvaL.peekFirst(ProvaL.java:106)
	at proval.ProvaLTest.testPeekFirst(ProvaLTest.java:196)
</error>
  </testcase>
  <testcase classname="proval.ProvaLTest" name="testRemoveFirstOccurrence" time="0.016">
    <error message="Not supported yet." type="java.lang.UnsupportedOperationException">java.lang.UnsupportedOperationException: Not supported yet.
	at proval.ProvaL.removeFirstOccurrence(ProvaL.java:116)
	at proval.ProvaLTest.testRemoveFirstOccurrence(ProvaLTest.java:225)
</error>
  </testcase>
  <testcase classname="proval.ProvaLTest" name="testRemoveLastOccurrence" time="0.0">
    <error message="Not supported yet." type="java.lang.UnsupportedOperationException">java.lang.UnsupportedOperationException: Not supported yet.
	at proval.ProvaL.removeLastOccurrence(ProvaL.java:121)
	at proval.ProvaLTest.testRemoveLastOccurrence(ProvaLTest.java:240)
</error>
  </testcase>
  <testcase classname="proval.ProvaLTest" name="testRemove_0args" time="0.0">
    <error message="Not supported yet." type="java.lang.UnsupportedOperationException">java.lang.UnsupportedOperationException: Not supported yet.
	at proval.ProvaL.remove(ProvaL.java:136)
	at proval.ProvaLTest.testRemove_0args(ProvaLTest.java:284)
</error>
  </testcase>
  <testcase classname="proval.ProvaLTest" name="testRemove_Object" time="0.0">
    <error message="Not supported yet." type="java.lang.UnsupportedOperationException">java.lang.UnsupportedOperationException: Not supported yet.
	at proval.ProvaL.remove(ProvaL.java:166)
	at proval.ProvaLTest.testRemove_Object(ProvaLTest.java:368)
</error>
  </testcase>
  <testcase classname="proval.ProvaLTest" name="testDescendingIterator" time="0.0">
    <error message="Not supported yet." type="java.lang.UnsupportedOperationException">java.lang.UnsupportedOperationException: Not supported yet.
	at proval.ProvaL.descendingIterator(ProvaL.java:186)
	at proval.ProvaLTest.testDescendingIterator(ProvaLTest.java:425)
</error>
  </testcase>
  <testcase classname="proval.ProvaLTest" name="testToArray_0args" time="0.0">
    <error message="Not supported yet." type="java.lang.UnsupportedOperationException">java.lang.UnsupportedOperationException: Not supported yet.
	at proval.ProvaL.toArray(ProvaL.java:196)
	at proval.ProvaLTest.testToArray_0args(ProvaLTest.java:453)
</error>
  </testcase>
  <testcase classname="proval.ProvaLTest" name="testToArray_ObjectArr" time="0.0">
    <error message="Not supported yet." type="java.lang.UnsupportedOperationException">java.lang.UnsupportedOperationException: Not supported yet.
	at proval.ProvaL.toArray(ProvaL.java:201)
	at proval.ProvaLTest.testToArray_ObjectArr(ProvaLTest.java:468)
</error>
  </testcase>
  <testcase classname="proval.ProvaLTest" name="testContainsAll" time="0.0">
    <error message="Not supported yet." type="java.lang.UnsupportedOperationException">java.lang.UnsupportedOperationException: Not supported yet.
	at proval.ProvaL.containsAll(ProvaL.java:206)
	at proval.ProvaLTest.testContainsAll(ProvaLTest.java:483)
</error>
  </testcase>
  <testcase classname="proval.ProvaLTest" name="testRemoveAll" time="0.0">
    <error message="Not supported yet." type="java.lang.UnsupportedOperationException">java.lang.UnsupportedOperationException: Not supported yet.
	at proval.ProvaL.removeAll(ProvaL.java:216)
	at proval.ProvaLTest.testRemoveAll(ProvaLTest.java:513)
</error>
  </testcase>
  <testcase classname="proval.ProvaLTest" name="testRetainAll" time="0.0">
    <error message="Not supported yet." type="java.lang.UnsupportedOperationException">java.lang.UnsupportedOperationException: Not supported yet.
	at proval.ProvaL.retainAll(ProvaL.java:221)
	at proval.ProvaLTest.testRetainAll(ProvaLTest.java:528)
</error>
  </testcase>
  <testcase classname="proval.ProvaLTest" name="testAdd" time="0.016">
    <error message="Not supported yet." type="java.lang.UnsupportedOperationException">java.lang.UnsupportedOperationException: Not supported yet.
	at proval.ProvaL.add(ProvaL.java:126)
	at proval.ProvaLTest.testAdd(ProvaLTest.java:255)
</error>
  </testcase>
  <testcase classname="proval.ProvaLTest" name="testPeekLast" time="0.0">
    <error message="Not supported yet." type="java.lang.UnsupportedOperationException">java.lang.UnsupportedOperationException: Not supported yet.
	at proval.ProvaL.peekLast(ProvaL.java:111)
	at proval.ProvaLTest.testPeekLast(ProvaLTest.java:210)
</error>
  </testcase>
  <testcase classname="proval.ProvaLTest" name="testAddLast" time="0.0" />
  <testcase classname="proval.ProvaLTest" name="testPollLast" time="0.0">
    <error message="Not supported yet." type="java.lang.UnsupportedOperationException">java.lang.UnsupportedOperationException: Not supported yet.
	at proval.ProvaL.pollLast(ProvaL.java:91)
	at proval.ProvaLTest.testPollLast(ProvaLTest.java:154)
</error>
  </testcase>
  <testcase classname="proval.ProvaLTest" name="testGetLast" time="0.016">
    <error message="Not supported yet." type="java.lang.UnsupportedOperationException">java.lang.UnsupportedOperationException: Not supported yet.
	at proval.ProvaL.getLast(ProvaL.java:101)
	at proval.ProvaLTest.testGetLast(ProvaLTest.java:182)
</error>
  </testcase>
  <testcase classname="proval.ProvaLTest" name="testGetFirst" time="0.0">
    <error message="Not supported yet." type="java.lang.UnsupportedOperationException">java.lang.UnsupportedOperationException: Not supported yet.
	at proval.ProvaL.getFirst(ProvaL.java:96)
	at proval.ProvaLTest.testGetFirst(ProvaLTest.java:168)
</error>
  </testcase>
  <testcase classname="proval.ProvaLTest" name="testOffer" time="0.0">
    <error message="Not supported yet." type="java.lang.UnsupportedOperationException">java.lang.UnsupportedOperationException: Not supported yet.
	at proval.ProvaL.offer(ProvaL.java:131)
	at proval.ProvaLTest.testOffer(ProvaLTest.java:270)
</error>
  </testcase>
  <testcase classname="proval.ProvaLTest" name="testPoll" time="0.0">
    <error message="Not supported yet." type="java.lang.UnsupportedOperationException">java.lang.UnsupportedOperationException: Not supported yet.
	at proval.ProvaL.poll(ProvaL.java:141)
	at proval.ProvaLTest.testPoll(ProvaLTest.java:298)
</error>
  </testcase>
  <testcase classname="proval.ProvaLTest" name="testElement" time="0.0">
    <error message="Not supported yet." type="java.lang.UnsupportedOperationException">java.lang.UnsupportedOperationException: Not supported yet.
	at proval.ProvaL.element(ProvaL.java:146)
	at proval.ProvaLTest.testElement(ProvaLTest.java:312)
</error>
  </testcase>
  <testcase classname="proval.ProvaLTest" name="testPeek" time="0.015">
    <error message="Not supported yet." type="java.lang.UnsupportedOperationException">java.lang.UnsupportedOperationException: Not supported yet.
	at proval.ProvaL.peek(ProvaL.java:151)
	at proval.ProvaLTest.testPeek(ProvaLTest.java:326)
</error>
  </testcase>
  <testcase classname="proval.ProvaLTest" name="testPush" time="0.0">
    <error message="Not supported yet." type="java.lang.UnsupportedOperationException">java.lang.UnsupportedOperationException: Not supported yet.
	at proval.ProvaL.push(ProvaL.java:156)
	at proval.ProvaLTest.testPush(ProvaLTest.java:340)
</error>
  </testcase>
  <testcase classname="proval.ProvaLTest" name="testContains" time="0.0">
    <error message="Not supported yet." type="java.lang.UnsupportedOperationException">java.lang.UnsupportedOperationException: Not supported yet.
	at proval.ProvaL.contains(ProvaL.java:171)
	at proval.ProvaLTest.testContains(ProvaLTest.java:383)
</error>
  </testcase>
  <testcase classname="proval.ProvaLTest" name="testPop" time="0.0">
    <error message="Not supported yet." type="java.lang.UnsupportedOperationException">java.lang.UnsupportedOperationException: Not supported yet.
	at proval.ProvaL.pop(ProvaL.java:161)
	at proval.ProvaLTest.testPop(ProvaLTest.java:353)
</error>
  </testcase>
  <testcase classname="proval.ProvaLTest" name="testIterator" time="0.0">
    <error message="Not supported yet." type="java.lang.UnsupportedOperationException">java.lang.UnsupportedOperationException: Not supported yet.
	at proval.ProvaL.iterator(ProvaL.java:181)
	at proval.ProvaLTest.testIterator(ProvaLTest.java:411)
</error>
  </testcase>
  <testcase classname="proval.ProvaLTest" name="testSize" time="0.0">
    <error message="Not supported yet." type="java.lang.UnsupportedOperationException">java.lang.UnsupportedOperationException: Not supported yet.
	at proval.ProvaL.size(ProvaL.java:176)
	at proval.ProvaLTest.testSize(ProvaLTest.java:397)
</error>
  </testcase>
  <testcase classname="proval.ProvaLTest" name="testIsEmpty" time="0.0">
    <error message="Not supported yet." type="java.lang.UnsupportedOperationException">java.lang.UnsupportedOperationException: Not supported yet.
	at proval.ProvaL.isEmpty(ProvaL.java:191)
	at proval.ProvaLTest.testIsEmpty(ProvaLTest.java:439)
</error>
  </testcase>
  <testcase classname="proval.ProvaLTest" name="testAddAll" time="0.0">
    <error message="Not supported yet." type="java.lang.UnsupportedOperationException">java.lang.UnsupportedOperationException: Not supported yet.
	at proval.ProvaL.addAll(ProvaL.java:211)
	at proval.ProvaLTest.testAddAll(ProvaLTest.java:498)
</error>
  </testcase>
  <testcase classname="proval.ProvaLTest" name="testClear" time="0.0">
    <error message="Not supported yet." type="java.lang.UnsupportedOperationException">java.lang.UnsupportedOperationException: Not supported yet.
	at proval.ProvaL.clear(ProvaL.java:226)
	at proval.ProvaLTest.testClear(ProvaLTest.java:541)
</error>
  </testcase>
  <testcase classname="proval.ProvaLTest" name="testAddFirst" time="0.0">
    <error message="Not supported yet." type="java.lang.UnsupportedOperationException">java.lang.UnsupportedOperationException: Not supported yet.
	at proval.ProvaL.addFirst(ProvaL.java:44)
	at proval.ProvaLTest.testAddFirst(ProvaLTest.java:58)
</error>
  </testcase>
  <testcase classname="proval.ProvaLTest" name="testMain" time="0.0">
    <failure message="The test case is a prototype." type="junit.framework.AssertionFailedError">junit.framework.AssertionFailedError: The test case is a prototype.
	at proval.ProvaLTest.testMain(ProvaLTest.java:47)
</failure>
  </testcase>
  <testcase classname="proval.ProvaLTest" name="testToString" time="0.015">
    <failure message="expected:&lt;[]&gt; but was:&lt;[ProvaL{}]&gt;" type="junit.framework.AssertionFailedError">junit.framework.AssertionFailedError: expected:&lt;[]&gt; but was:&lt;[ProvaL{}]&gt;
	at proval.ProvaLTest.testToString(ProvaLTest.java:555)
</failure>
  </testcase>
  <system-out><![CDATA[offerFirst
offerLast
removeFirst
removeLast
pollFirst
peekFirst
removeFirstOccurrence
removeLastOccurrence
remove
remove
descendingIterator
toArray
toArray
containsAll
removeAll
retainAll
add
peekLast
pollLast
getLast
getFirst
offer
poll
element
peek
push
contains
pop
iterator
size
isEmpty
addAll
clear
addFirst
main
ProvaL{}
ProvaL{ nome = Uno }
ProvaL{ nome = Uno, nome = Due }
ProvaL{ nome = Uno }
toString
]]></system-out>
  <system-err><![CDATA[]]></system-err>
</testsuite>
